<?xml version="1.0" encoding="UTF-8"?>
<testsuite name="org.example.HomeOrganizer.article.ArticleServiceTest" tests="3" skipped="0" failures="0" errors="0" timestamp="2023-04-28T17:40:42" hostname="DESKTOP-B0VDIDN" time="0.236">
  <properties/>
  <testcase name="shouldGetAllArticle()" classname="org.example.HomeOrganizer.article.ArticleServiceTest" time="0.22"/>
  <testcase name="shouldGetAnArticleById()" classname="org.example.HomeOrganizer.article.ArticleServiceTest" time="0.005"/>
  <testcase name="shouldAddAnArticle()" classname="org.example.HomeOrganizer.article.ArticleServiceTest" time="0.009"/>
  <system-out><![CDATA[19:40:39.456 [Test worker] DEBUG org.springframework.boot.test.context.SpringBootTestContextBootstrapper -- Neither @ContextConfiguration nor @ContextHierarchy found for test class [ArticleServiceTest]: using SpringBootContextLoader
19:40:39.462 [Test worker] DEBUG org.springframework.test.context.support.AbstractContextLoader -- Could not detect default resource locations for test class [org.example.HomeOrganizer.article.ArticleServiceTest]: no resource found for suffixes {-context.xml, Context.groovy}.
19:40:39.463 [Test worker] INFO org.springframework.test.context.support.AnnotationConfigContextLoaderUtils -- Could not detect default configuration classes for test class [org.example.HomeOrganizer.article.ArticleServiceTest]: ArticleServiceTest does not declare any static, non-private, non-final, nested classes annotated with @Configuration.
19:40:39.477 [Test worker] DEBUG org.springframework.boot.test.context.SpringBootTestContextBootstrapper -- Using ContextCustomizers for test class [ArticleServiceTest]: [DisableObservabilityContextCustomizer, PropertyMappingContextCustomizer, Customizer, ExcludeFilterContextCustomizer, DuplicateJsonObjectContextCustomizer, MockitoContextCustomizer, TestRestTemplateContextCustomizer]
19:40:39.544 [Test worker] DEBUG org.springframework.context.annotation.ClassPathScanningCandidateComponentProvider -- Identified candidate component class: file [C:\Users\chris\IdeaProjects\Home-Organizer\build\classes\java\main\org\example\HomeOrganizer\HomeOrganizerApp.class]
19:40:39.545 [Test worker] INFO org.springframework.boot.test.context.SpringBootTestContextBootstrapper -- Found @SpringBootConfiguration org.example.HomeOrganizer.HomeOrganizerApp for test class org.example.HomeOrganizer.article.ArticleServiceTest
19:40:39.625 [Test worker] DEBUG org.springframework.boot.test.context.SpringBootTestContextBootstrapper -- Using TestExecutionListeners for test class [ArticleServiceTest]: [ServletTestExecutionListener, DirtiesContextBeforeModesTestExecutionListener, ApplicationEventsTestExecutionListener, MockitoTestExecutionListener, DependencyInjectionTestExecutionListener, DirtiesContextTestExecutionListener, TransactionalTestExecutionListener, SqlScriptsTestExecutionListener, EventPublishingTestExecutionListener, RestDocsTestExecutionListener, MockRestServiceServerResetTestExecutionListener, MockMvcPrintOnlyOnFailureTestExecutionListener, WebDriverTestExecutionListener, MockWebServiceServerTestExecutionListener, ResetMocksTestExecutionListener]
19:40:39.626 [Test worker] DEBUG org.springframework.test.context.support.AbstractDirtiesContextTestExecutionListener -- Before test class: class [ArticleServiceTest], class annotated with @DirtiesContext [false] with mode [null]

  .   ____          _            __ _ _
 /\\ / ___'_ __ _ _(_)_ __  __ _ \ \ \ \
( ( )\___ | '_ | '_| | '_ \/ _` | \ \ \ \
 \\/  ___)| |_)| | | | | || (_| |  ) ) ) )
  '  |____| .__|_| |_|_| |_\__, | / / / /
 =========|_|==============|___/=/_/_/_/
 :: Spring Boot ::                (v3.0.5)

2023-04-28T19:40:39.823+02:00  INFO 19320 --- [    Test worker] o.e.H.article.ArticleServiceTest         : Starting ArticleServiceTest using Java 17.0.6 with PID 19320 (started by chris in C:\Users\chris\IdeaProjects\Home-Organizer)
2023-04-28T19:40:39.824+02:00  INFO 19320 --- [    Test worker] o.e.H.article.ArticleServiceTest         : No active profile set, falling back to 1 default profile: "default"
2023-04-28T19:40:40.188+02:00  INFO 19320 --- [    Test worker] .s.d.r.c.RepositoryConfigurationDelegate : Bootstrapping Spring Data JPA repositories in DEFAULT mode.
2023-04-28T19:40:40.231+02:00  INFO 19320 --- [    Test worker] .s.d.r.c.RepositoryConfigurationDelegate : Finished Spring Data repository scanning in 37 ms. Found 1 JPA repository interfaces.
2023-04-28T19:40:40.535+02:00  INFO 19320 --- [    Test worker] o.hibernate.jpa.internal.util.LogHelper  : HHH000204: Processing PersistenceUnitInfo [name: default]
2023-04-28T19:40:40.582+02:00  INFO 19320 --- [    Test worker] org.hibernate.Version                    : HHH000412: Hibernate ORM core version 6.1.7.Final
2023-04-28T19:40:40.797+02:00  INFO 19320 --- [    Test worker] com.zaxxer.hikari.HikariDataSource       : HikariPool-1 - Starting...
2023-04-28T19:40:40.913+02:00  INFO 19320 --- [    Test worker] com.zaxxer.hikari.pool.HikariPool        : HikariPool-1 - Added connection org.postgresql.jdbc.PgConnection@3303e89e
2023-04-28T19:40:40.914+02:00  INFO 19320 --- [    Test worker] com.zaxxer.hikari.HikariDataSource       : HikariPool-1 - Start completed.
2023-04-28T19:40:40.942+02:00  INFO 19320 --- [    Test worker] SQL dialect                              : HHH000400: Using dialect: org.hibernate.dialect.PostgreSQLDialect
2023-04-28T19:40:41.440+02:00  INFO 19320 --- [    Test worker] o.h.e.t.j.p.i.JtaPlatformInitiator       : HHH000490: Using JtaPlatform implementation: [org.hibernate.engine.transaction.jta.platform.internal.NoJtaPlatform]
2023-04-28T19:40:41.446+02:00  INFO 19320 --- [    Test worker] j.LocalContainerEntityManagerFactoryBean : Initialized JPA EntityManagerFactory for persistence unit 'default'
2023-04-28T19:40:41.767+02:00  WARN 19320 --- [    Test worker] JpaBaseConfiguration$JpaWebConfiguration : spring.jpa.open-in-view is enabled by default. Therefore, database queries may be performed during view rendering. Explicitly configure spring.jpa.open-in-view to disable this warning
2023-04-28T19:40:42.101+02:00  INFO 19320 --- [    Test worker] o.e.H.article.ArticleServiceTest         : Started ArticleServiceTest in 2.443 seconds (process running for 3.329)
]]></system-out>
  <system-err><![CDATA[]]></system-err>
</testsuite>
