<?xml version="1.0" encoding="UTF-8"?>
<testsuite name="org.example.HomeOrganizer.article.ArticleServiceTest" tests="3" skipped="0" failures="0" errors="0" timestamp="2023-04-28T17:43:13" hostname="DESKTOP-B0VDIDN" time="0.288">
  <properties/>
  <testcase name="shouldGetAllArticle()" classname="org.example.HomeOrganizer.article.ArticleServiceTest" time="0.266"/>
  <testcase name="shouldGetAnArticleById()" classname="org.example.HomeOrganizer.article.ArticleServiceTest" time="0.006"/>
  <testcase name="shouldAddAnArticle()" classname="org.example.HomeOrganizer.article.ArticleServiceTest" time="0.014"/>
  <system-out><![CDATA[19:43:09.978 [Test worker] DEBUG org.springframework.boot.test.context.SpringBootTestContextBootstrapper -- Neither @ContextConfiguration nor @ContextHierarchy found for test class [ArticleServiceTest]: using SpringBootContextLoader
19:43:09.984 [Test worker] DEBUG org.springframework.test.context.support.AbstractContextLoader -- Could not detect default resource locations for test class [org.example.HomeOrganizer.article.ArticleServiceTest]: no resource found for suffixes {-context.xml, Context.groovy}.
19:43:09.984 [Test worker] INFO org.springframework.test.context.support.AnnotationConfigContextLoaderUtils -- Could not detect default configuration classes for test class [org.example.HomeOrganizer.article.ArticleServiceTest]: ArticleServiceTest does not declare any static, non-private, non-final, nested classes annotated with @Configuration.
19:43:10.001 [Test worker] DEBUG org.springframework.boot.test.context.SpringBootTestContextBootstrapper -- Using ContextCustomizers for test class [ArticleServiceTest]: [DisableObservabilityContextCustomizer, PropertyMappingContextCustomizer, Customizer, ExcludeFilterContextCustomizer, DuplicateJsonObjectContextCustomizer, MockitoContextCustomizer, TestRestTemplateContextCustomizer]
19:43:10.073 [Test worker] DEBUG org.springframework.context.annotation.ClassPathScanningCandidateComponentProvider -- Identified candidate component class: file [C:\Users\chris\IdeaProjects\Home-Organizer\build\classes\java\main\org\example\HomeOrganizer\HomeOrganizerApp.class]
19:43:10.075 [Test worker] INFO org.springframework.boot.test.context.SpringBootTestContextBootstrapper -- Found @SpringBootConfiguration org.example.HomeOrganizer.HomeOrganizerApp for test class org.example.HomeOrganizer.article.ArticleServiceTest
19:43:10.163 [Test worker] DEBUG org.springframework.boot.test.context.SpringBootTestContextBootstrapper -- Using TestExecutionListeners for test class [ArticleServiceTest]: [ServletTestExecutionListener, DirtiesContextBeforeModesTestExecutionListener, ApplicationEventsTestExecutionListener, MockitoTestExecutionListener, DependencyInjectionTestExecutionListener, DirtiesContextTestExecutionListener, TransactionalTestExecutionListener, SqlScriptsTestExecutionListener, EventPublishingTestExecutionListener, RestDocsTestExecutionListener, MockRestServiceServerResetTestExecutionListener, MockMvcPrintOnlyOnFailureTestExecutionListener, WebDriverTestExecutionListener, MockWebServiceServerTestExecutionListener, ResetMocksTestExecutionListener]
19:43:10.164 [Test worker] DEBUG org.springframework.test.context.support.AbstractDirtiesContextTestExecutionListener -- Before test class: class [ArticleServiceTest], class annotated with @DirtiesContext [false] with mode [null]

  .   ____          _            __ _ _
 /\\ / ___'_ __ _ _(_)_ __  __ _ \ \ \ \
( ( )\___ | '_ | '_| | '_ \/ _` | \ \ \ \
 \\/  ___)| |_)| | | | | || (_| |  ) ) ) )
  '  |____| .__|_| |_|_| |_\__, | / / / /
 =========|_|==============|___/=/_/_/_/
 :: Spring Boot ::                (v3.0.5)

2023-04-28T19:43:10.390+02:00  INFO 3084 --- [    Test worker] o.e.H.article.ArticleServiceTest         : Starting ArticleServiceTest using Java 17.0.6 with PID 3084 (started by chris in C:\Users\chris\IdeaProjects\Home-Organizer)
2023-04-28T19:43:10.391+02:00  INFO 3084 --- [    Test worker] o.e.H.article.ArticleServiceTest         : No active profile set, falling back to 1 default profile: "default"
2023-04-28T19:43:10.825+02:00  INFO 3084 --- [    Test worker] .s.d.r.c.RepositoryConfigurationDelegate : Bootstrapping Spring Data JPA repositories in DEFAULT mode.
2023-04-28T19:43:10.884+02:00  INFO 3084 --- [    Test worker] .s.d.r.c.RepositoryConfigurationDelegate : Finished Spring Data repository scanning in 53 ms. Found 1 JPA repository interfaces.
2023-04-28T19:43:11.251+02:00  INFO 3084 --- [    Test worker] o.hibernate.jpa.internal.util.LogHelper  : HHH000204: Processing PersistenceUnitInfo [name: default]
2023-04-28T19:43:11.305+02:00  INFO 3084 --- [    Test worker] org.hibernate.Version                    : HHH000412: Hibernate ORM core version 6.1.7.Final
2023-04-28T19:43:11.536+02:00  INFO 3084 --- [    Test worker] com.zaxxer.hikari.HikariDataSource       : HikariPool-1 - Starting...
2023-04-28T19:43:11.671+02:00  INFO 3084 --- [    Test worker] com.zaxxer.hikari.pool.HikariPool        : HikariPool-1 - Added connection org.postgresql.jdbc.PgConnection@1570cad0
2023-04-28T19:43:11.673+02:00  INFO 3084 --- [    Test worker] com.zaxxer.hikari.HikariDataSource       : HikariPool-1 - Start completed.
2023-04-28T19:43:11.700+02:00  INFO 3084 --- [    Test worker] SQL dialect                              : HHH000400: Using dialect: org.hibernate.dialect.PostgreSQLDialect
2023-04-28T19:43:12.309+02:00  INFO 3084 --- [    Test worker] o.h.e.t.j.p.i.JtaPlatformInitiator       : HHH000490: Using JtaPlatform implementation: [org.hibernate.engine.transaction.jta.platform.internal.NoJtaPlatform]
2023-04-28T19:43:12.316+02:00  INFO 3084 --- [    Test worker] j.LocalContainerEntityManagerFactoryBean : Initialized JPA EntityManagerFactory for persistence unit 'default'
2023-04-28T19:43:12.706+02:00  WARN 3084 --- [    Test worker] JpaBaseConfiguration$JpaWebConfiguration : spring.jpa.open-in-view is enabled by default. Therefore, database queries may be performed during view rendering. Explicitly configure spring.jpa.open-in-view to disable this warning
2023-04-28T19:43:13.134+02:00  INFO 3084 --- [    Test worker] o.e.H.article.ArticleServiceTest         : Started ArticleServiceTest in 2.937 seconds (process running for 3.928)
]]></system-out>
  <system-err><![CDATA[]]></system-err>
</testsuite>
