<?xml version="1.0" encoding="UTF-8"?>
<testsuite name="org.example.homeorganizer.storage.StorageServiceTest" tests="1" skipped="0" failures="0" errors="0" timestamp="2023-04-30T16:02:06" hostname="DESKTOP-B0VDIDN" time="0.191">
  <properties/>
  <testcase name="shouldAddAStorage()" classname="org.example.homeorganizer.storage.StorageServiceTest" time="0.191"/>
  <system-out><![CDATA[18:02:03.660 [Test worker] DEBUG org.springframework.boot.test.context.SpringBootTestContextBootstrapper -- Neither @ContextConfiguration nor @ContextHierarchy found for test class [StorageServiceTest]: using SpringBootContextLoader
18:02:03.665 [Test worker] DEBUG org.springframework.test.context.support.AbstractContextLoader -- Could not detect default resource locations for test class [org.example.homeorganizer.storage.StorageServiceTest]: no resource found for suffixes {-context.xml, Context.groovy}.
18:02:03.665 [Test worker] INFO org.springframework.test.context.support.AnnotationConfigContextLoaderUtils -- Could not detect default configuration classes for test class [org.example.homeorganizer.storage.StorageServiceTest]: StorageServiceTest does not declare any static, non-private, non-final, nested classes annotated with @Configuration.
18:02:03.684 [Test worker] DEBUG org.springframework.boot.test.context.SpringBootTestContextBootstrapper -- Using ContextCustomizers for test class [StorageServiceTest]: [DisableObservabilityContextCustomizer, PropertyMappingContextCustomizer, Customizer, ExcludeFilterContextCustomizer, DuplicateJsonObjectContextCustomizer, MockitoContextCustomizer, TestRestTemplateContextCustomizer]
18:02:03.743 [Test worker] DEBUG org.springframework.context.annotation.ClassPathScanningCandidateComponentProvider -- Identified candidate component class: file [C:\Users\chris\IdeaProjects\Home-Organizer\build\classes\java\main\org\example\homeorganizer\HomeOrganizerApp.class]
18:02:03.745 [Test worker] INFO org.springframework.boot.test.context.SpringBootTestContextBootstrapper -- Found @SpringBootConfiguration org.example.homeorganizer.HomeOrganizerApp for test class org.example.homeorganizer.storage.StorageServiceTest
18:02:03.833 [Test worker] DEBUG org.springframework.boot.test.context.SpringBootTestContextBootstrapper -- Using TestExecutionListeners for test class [StorageServiceTest]: [ServletTestExecutionListener, DirtiesContextBeforeModesTestExecutionListener, ApplicationEventsTestExecutionListener, MockitoTestExecutionListener, DependencyInjectionTestExecutionListener, DirtiesContextTestExecutionListener, TransactionalTestExecutionListener, SqlScriptsTestExecutionListener, EventPublishingTestExecutionListener, RestDocsTestExecutionListener, MockRestServiceServerResetTestExecutionListener, MockMvcPrintOnlyOnFailureTestExecutionListener, WebDriverTestExecutionListener, MockWebServiceServerTestExecutionListener, ResetMocksTestExecutionListener]
18:02:03.834 [Test worker] DEBUG org.springframework.test.context.support.AbstractDirtiesContextTestExecutionListener -- Before test class: class [StorageServiceTest], class annotated with @DirtiesContext [false] with mode [null]

  .   ____          _            __ _ _
 /\\ / ___'_ __ _ _(_)_ __  __ _ \ \ \ \
( ( )\___ | '_ | '_| | '_ \/ _` | \ \ \ \
 \\/  ___)| |_)| | | | | || (_| |  ) ) ) )
  '  |____| .__|_| |_|_| |_\__, | / / / /
 =========|_|==============|___/=/_/_/_/
 :: Spring Boot ::                (v3.0.5)

2023-04-30T18:02:04.030+02:00  INFO 20616 --- [    Test worker] o.e.h.storage.StorageServiceTest         : Starting StorageServiceTest using Java 17.0.6 with PID 20616 (started by chris in C:\Users\chris\IdeaProjects\Home-Organizer)
2023-04-30T18:02:04.031+02:00  INFO 20616 --- [    Test worker] o.e.h.storage.StorageServiceTest         : No active profile set, falling back to 1 default profile: "default"
2023-04-30T18:02:04.433+02:00  INFO 20616 --- [    Test worker] .s.d.r.c.RepositoryConfigurationDelegate : Bootstrapping Spring Data JPA repositories in DEFAULT mode.
2023-04-30T18:02:04.480+02:00  INFO 20616 --- [    Test worker] .s.d.r.c.RepositoryConfigurationDelegate : Finished Spring Data repository scanning in 41 ms. Found 2 JPA repository interfaces.
2023-04-30T18:02:04.824+02:00  INFO 20616 --- [    Test worker] o.hibernate.jpa.internal.util.LogHelper  : HHH000204: Processing PersistenceUnitInfo [name: default]
2023-04-30T18:02:04.864+02:00  INFO 20616 --- [    Test worker] org.hibernate.Version                    : HHH000412: Hibernate ORM core version 6.1.7.Final
2023-04-30T18:02:05.069+02:00  INFO 20616 --- [    Test worker] com.zaxxer.hikari.HikariDataSource       : HikariPool-1 - Starting...
2023-04-30T18:02:05.189+02:00  INFO 20616 --- [    Test worker] com.zaxxer.hikari.pool.HikariPool        : HikariPool-1 - Added connection org.postgresql.jdbc.PgConnection@59b447a4
2023-04-30T18:02:05.190+02:00  INFO 20616 --- [    Test worker] com.zaxxer.hikari.HikariDataSource       : HikariPool-1 - Start completed.
2023-04-30T18:02:05.218+02:00  INFO 20616 --- [    Test worker] SQL dialect                              : HHH000400: Using dialect: org.hibernate.dialect.PostgreSQLDialect
2023-04-30T18:02:05.815+02:00  INFO 20616 --- [    Test worker] o.h.e.t.j.p.i.JtaPlatformInitiator       : HHH000490: Using JtaPlatform implementation: [org.hibernate.engine.transaction.jta.platform.internal.NoJtaPlatform]
2023-04-30T18:02:05.823+02:00  INFO 20616 --- [    Test worker] j.LocalContainerEntityManagerFactoryBean : Initialized JPA EntityManagerFactory for persistence unit 'default'
2023-04-30T18:02:06.231+02:00  WARN 20616 --- [    Test worker] JpaBaseConfiguration$JpaWebConfiguration : spring.jpa.open-in-view is enabled by default. Therefore, database queries may be performed during view rendering. Explicitly configure spring.jpa.open-in-view to disable this warning
2023-04-30T18:02:06.546+02:00  INFO 20616 --- [    Test worker] o.e.h.storage.StorageServiceTest         : Started StorageServiceTest in 2.685 seconds (process running for 3.57)
]]></system-out>
  <system-err><![CDATA[]]></system-err>
</testsuite>
